    OpenRGB v0.7
    Commit: 6128731df697e116d04ea2644c46c268a5cd3448 from 2021-12-30 00:45:07 -0600
    Launched: 20220429_082704
====================================================================================================

1000  |Info:    ------------------------------------------------------
1000  |Info:    |               Start device detection               |
1000  |Info:    ------------------------------------------------------
1000  |Info:    Initializing HID interfaces: Success
1003  |Info:    ------------------------------------------------------
1003  |Info:    |             Detecting I2C interfaces               |
1003  |Info:    ------------------------------------------------------
1005  |Info:    Registering I2C interface: /dev/i2c-3 Device 10DE:2489 Subsystem: 10DE:2489
1005  |Info:    Registering I2C interface: /dev/i2c-6 Device 10DE:2489 Subsystem: 10DE:2489
1005  |Info:    Registering I2C interface: /dev/i2c-2 Device 1022:790B Subsystem: 1849:FFFF
1005  |Info:    Registering I2C interface: /dev/i2c-7 Device 10DE:2489 Subsystem: 10DE:2489
1005  |Info:    ------------------------------------------------------
1005  |Info:    |               Detecting I2C devices                |
1005  |Info:    ------------------------------------------------------
1039  |Info:    Loading plugins
1199  |Info:    ------------------------------------------------------
1199  |Info:    |               Detecting HID devices                |
1199  |Info:    ------------------------------------------------------
1254  |Info:    [SteelSeries Sensei TEN] Registering RGB controller
1254  |Info:    ------------------------------------------------------
1254  |Info:    |              Detecting other devices               |
1254  |Info:    ------------------------------------------------------
1258  |Info:    ------------------------------------------------------
1258  |Info:    |                Detection completed                 |
1258  |Info:    ------------------------------------------------------
1258  |Dialog:  <h2>WARNING:</h2><p>One or more I2C/SMBus interfaces failed to initialize.</p><p>RGB DRAM modules and some motherboards' onboard RGB lighting will not be available without I2C/SMBus.</p><p>On Linux, this is usually because the i2c-dev module is not loaded.  You must load the i2c-dev module along with the correct i2c driver for your motherboard.  This is usually i2c-piix4 for AMD systems and i2c-i801 for Intel systems.</p><p>See <a href='https://help.openrgb.org/'>help.openrgb.org</a> for additional troubleshooting steps if you keep seeing this message.<br></p>
