    OpenRGB v0.7
    Commit: 6128731df697e116d04ea2644c46c268a5cd3448 from 2021-12-30 00:45:07 -0600
    Launched: 20220429_083222
====================================================================================================

1000  |Info:    ------------------------------------------------------
1000  |Info:    |               Start device detection               |
1000  |Info:    ------------------------------------------------------
1000  |Info:    Initializing HID interfaces: Success
1003  |Info:    ------------------------------------------------------
1003  |Info:    |             Detecting I2C interfaces               |
1003  |Info:    ------------------------------------------------------
1004  |Info:    Registering I2C interface: /dev/i2c-3 Device 0000:0000 Subsystem: 0000:0000
1004  |Info:    Registering I2C interface: /dev/i2c-1 Device 1022:790B Subsystem: 1849:FFFF
1004  |Info:    Registering I2C interface: /dev/i2c-8 Device 10DE:2489 Subsystem: 10DE:2489
1005  |Info:    Registering I2C interface: /dev/i2c-6 Device 10DE:2489 Subsystem: 10DE:2489
1005  |Info:    Registering I2C interface: /dev/i2c-4 Device 10DE:2489 Subsystem: 10DE:2489
1005  |Info:    Registering I2C interface: /dev/i2c-2 Device 1022:790B Subsystem: 1849:FFFF
1005  |Info:    Registering I2C interface: /dev/i2c-0 Device 1022:790B Subsystem: 1849:FFFF
1005  |Info:    Registering I2C interface: /dev/i2c-7 Device 10DE:2489 Subsystem: 10DE:2489
1005  |Info:    Registering I2C interface: /dev/i2c-5 Device 10DE:2489 Subsystem: 10DE:2489
1005  |Info:    ------------------------------------------------------
1005  |Info:    |               Detecting I2C devices                |
1005  |Info:    ------------------------------------------------------
1012  |Info:    [ASRock X570 Steel Legend] Registering RGB controller
1046  |Info:    Loading plugins
1743  |Info:    [HyperX Fury RGB] Registering RGB controller
1776  |Info:    ------------------------------------------------------
1776  |Info:    |               Detecting HID devices                |
1776  |Info:    ------------------------------------------------------
1831  |Info:    [SteelSeries Sensei TEN] Registering RGB controller
1832  |Info:    ------------------------------------------------------
1832  |Info:    |              Detecting other devices               |
1832  |Info:    ------------------------------------------------------
1835  |Info:    ------------------------------------------------------
1835  |Info:    |                Detection completed                 |
1835  |Info:    ------------------------------------------------------
