    OpenRGB v0.7
    Commit: 6128731df697e116d04ea2644c46c268a5cd3448 from 2021-12-30 00:45:07 -0600
    Launched: 20220425_212903
====================================================================================================

1000  |Info:    ------------------------------------------------------
1000  |Info:    |               Start device detection               |
1000  |Info:    ------------------------------------------------------
1000  |Info:    Initializing HID interfaces: Success
1003  |Info:    ------------------------------------------------------
1003  |Info:    |             Detecting I2C interfaces               |
1003  |Info:    ------------------------------------------------------
1004  |Info:    Registering I2C interface: /dev/i2c-3 Device 10DE:2489 Subsystem: 10DE:2489
1004  |Info:    Registering I2C interface: /dev/i2c-1 Device 1022:790B Subsystem: 1849:FFFF
1004  |Info:    Registering I2C interface: /dev/i2c-6 Device 10DE:2489 Subsystem: 10DE:2489
1004  |Info:    Registering I2C interface: /dev/i2c-4 Device 10DE:2489 Subsystem: 10DE:2489
1004  |Info:    Registering I2C interface: /dev/i2c-2 Device 1022:790B Subsystem: 1849:FFFF
1004  |Info:    Registering I2C interface: /dev/i2c-0 Device 1022:790B Subsystem: 1849:FFFF
1004  |Info:    Registering I2C interface: /dev/i2c-7 Device 10DE:2489 Subsystem: 10DE:2489
1004  |Info:    Registering I2C interface: /dev/i2c-5 Device 10DE:2489 Subsystem: 10DE:2489
1004  |Info:    ------------------------------------------------------
1004  |Info:    |               Detecting I2C devices                |
1004  |Info:    ------------------------------------------------------
1008  |Info:    [ASRock X570 Steel Legend] Registering RGB controller
1051  |Info:    Loading plugins
1733  |Info:    [HyperX Fury RGB] Registering RGB controller
1766  |Info:    ------------------------------------------------------
1766  |Info:    |               Detecting HID devices                |
1766  |Info:    ------------------------------------------------------
1821  |Info:    [SteelSeries Sensei TEN] Registering RGB controller
1821  |Info:    ------------------------------------------------------
1821  |Info:    |              Detecting other devices               |
1821  |Info:    ------------------------------------------------------
1823  |Info:    ------------------------------------------------------
1823  |Info:    |                Detection completed                 |
1823  |Info:    ------------------------------------------------------
